logs - __init__.py - 2022-08-14 19:06:59,219 - INFO - Настройка логгирования окончена!
logs - validation.py - 2022-08-14 19:06:59,221 - INFO - Дата введена корректно: 10.08.2022
logs - validation.py - 2022-08-14 19:06:59,221 - INFO - Список кодов введён корректно: ['826', '840', '978', '156']
logs - download.py - 2022-08-14 19:07:00,025 - INFO - Успешно получен ответ от сервера
logs - parse.py - 2022-08-14 19:07:00,035 - INFO - Успешно завершена расшифровка загруженных данных
logs - db.py - 2022-08-14 19:07:00,131 - INFO - Создана таблица CURRENCY_ORDERS
logs - db.py - 2022-08-14 19:07:00,221 - INFO - Создана таблица CURRENCY_RATES
logs - db.py - 2022-08-14 19:07:00,275 - INFO - Запись даты 10.08.2022 выполнена
logs - db.py - 2022-08-14 19:07:00,341 - INFO - Данные записаны в БД: ('Фунт стерлингов Соединенного королевства', '826', 'GBP', 1, '73.1762')
logs - db.py - 2022-08-14 19:07:00,408 - INFO - Данные записаны в БД: ('Доллар США', '840', 'USD', 1, '60.3814')
logs - db.py - 2022-08-14 19:07:00,475 - INFO - Данные записаны в БД: ('Евро', '978', 'EUR', 1, '61.5542')
logs - db.py - 2022-08-14 19:07:00,541 - INFO - Данные записаны в БД: ('Китайский юань', '156', 'CNY', 10, '89.5342')
logs - __init__.py - 2022-08-14 19:11:26,632 - INFO - Настройка логгирования окончена!
logs - validation.py - 2022-08-14 19:11:26,651 - INFO - Дата введена корректно: 10.08.2022
logs - validation.py - 2022-08-14 19:11:26,651 - INFO - Список кодов введён корректно: ['156', '203', '978']
logs - download.py - 2022-08-14 19:11:27,339 - INFO - Успешно получен ответ от сервера
logs - parse.py - 2022-08-14 19:11:27,349 - INFO - Успешно завершена расшифровка загруженных данных
logs - db.py - 2022-08-14 19:11:27,350 - WARNING - Запись даты 10.08.2022 отклонена
logs - db.py - 2022-08-14 19:11:27,351 - WARNING - Запись отклонена: ('Евро', '978', 'EUR', 1, '61.5542')
logs - db.py - 2022-08-14 19:11:27,351 - WARNING - Запись отклонена: ('Китайский юань', '156', 'CNY', 10, '89.5342')
logs - db.py - 2022-08-14 19:11:27,427 - INFO - Данные записаны в БД: ('Чешская крона', '203', 'CZK', 10, '25.1181')
logs - __init__.py - 2022-08-14 19:13:03,452 - INFO - Настройка логгирования окончена!
logs - validation.py - 2022-08-14 19:13:03,452 - ERROR - Дата и/или список кодов не введены!
logs - __init__.py - 2022-08-14 19:13:20,860 - INFO - Настройка логгирования окончена!
logs - validation.py - 2022-08-14 19:13:20,862 - ERROR - Дата введена не корректно!
logs - __init__.py - 2022-08-14 19:13:31,555 - INFO - Настройка логгирования окончена!
logs - validation.py - 2022-08-14 19:13:31,558 - ERROR - Дата введена не корректно!
logs - __init__.py - 2022-08-14 19:13:47,031 - INFO - Настройка логгирования окончена!
logs - validation.py - 2022-08-14 19:13:47,034 - INFO - Дата введена корректно: 12.12.2021
logs - validation.py - 2022-08-14 19:13:47,034 - ERROR - Список кодов введён не корректно!
logs - __init__.py - 2022-08-14 19:13:50,265 - INFO - Настройка логгирования окончена!
logs - validation.py - 2022-08-14 19:13:50,268 - INFO - Дата введена корректно: 12.12.2021
logs - validation.py - 2022-08-14 19:13:50,268 - ERROR - Список кодов введён не корректно!
logs - __init__.py - 2022-08-14 19:13:58,529 - INFO - Настройка логгирования окончена!
logs - validation.py - 2022-08-14 19:13:58,532 - INFO - Дата введена корректно: 12.12.2021
logs - validation.py - 2022-08-14 19:13:58,532 - ERROR - Список кодов введён не корректно!
logs - __init__.py - 2022-08-14 19:14:05,883 - INFO - Настройка логгирования окончена!
logs - validation.py - 2022-08-14 19:14:05,886 - INFO - Дата введена корректно: 12.12.2021
logs - validation.py - 2022-08-14 19:14:05,886 - ERROR - Список кодов введён не корректно!
logs - __init__.py - 2022-08-14 19:14:10,199 - INFO - Настройка логгирования окончена!
logs - validation.py - 2022-08-14 19:14:10,202 - INFO - Дата введена корректно: 12.12.2021
logs - validation.py - 2022-08-14 19:14:10,202 - ERROR - Список кодов введён не корректно!
logs - __init__.py - 2022-08-14 19:15:05,950 - INFO - Настройка логгирования окончена!
logs - validation.py - 2022-08-14 19:15:05,952 - INFO - Дата введена корректно: 12.12.2021
logs - validation.py - 2022-08-14 19:15:05,953 - INFO - Список кодов введён корректно: ['36', '38', '51', '124', '126']
logs - download.py - 2022-08-14 19:15:06,568 - WARNING - Отказ. Код ответа сервера: 403
logs - __init__.py - 2022-08-14 19:34:02,352 - INFO - Настройка логгирования окончена!
logs - validation.py - 2022-08-14 19:34:02,355 - INFO - Дата введена корректно: 10.08.2022
logs - validation.py - 2022-08-14 19:34:02,355 - INFO - Список кодов введён корректно: ['826', '840', '978', '156']
logs - download.py - 2022-08-14 19:34:04,200 - INFO - Успешно получен ответ от сервера
logs - parse.py - 2022-08-14 19:34:04,210 - INFO - Успешно завершена расшифровка загруженных данных
logs - db.py - 2022-08-14 19:34:04,211 - WARNING - Запись даты 10.08.2022 отклонена
logs - db.py - 2022-08-14 19:34:04,212 - WARNING - Запись отклонена: ('Фунт стерлингов Соединенного королевства', '826', 'GBP', 1, '73.1762')
logs - db.py - 2022-08-14 19:34:04,213 - WARNING - Запись отклонена: ('Доллар США', '840', 'USD', 1, '60.3814')
logs - db.py - 2022-08-14 19:34:04,213 - WARNING - Запись отклонена: ('Евро', '978', 'EUR', 1, '61.5542')
logs - db.py - 2022-08-14 19:34:04,213 - WARNING - Запись отклонена: ('Китайский юань', '156', 'CNY', 10, '89.5342')
